c:\users\joseph\source\motores\motor2\motor2\x64\debug\vc143.pdb
c:\users\joseph\source\motores\motor2\motor2\x64\debug\vc143.idb
c:\users\joseph\source\motores\motor2\motor2\x64\debug\sprite.obj
c:\users\joseph\source\motores\motor2\motor2\x64\debug\main.obj
c:\users\joseph\source\motores\motor2\motor2\x64\debug\maingame.obj
c:\users\joseph\source\motores\motor2\motor2\x64\debug\gls_program.obj
c:\users\joseph\source\motores\motor2\motor2\x64\debug\error.obj
c:\users\joseph\source\motores\motor2\motor2\x64\debug\texturecache.obj
c:\users\joseph\source\motores\motor2\motor2\x64\debug\picopng.obj
c:\users\joseph\source\motores\motor2\motor2\x64\debug\iomanager.obj
c:\users\joseph\source\motores\motor2\motor2\x64\debug\imageloader.obj
c:\users\joseph\source\motores\motor2\motor2\x64\debug\gltexture.obj
c:\users\joseph\source\motores\motor2\motor2\x64\debug\resourcemanager.obj
c:\users\joseph\source\motores\motor2\motor2\x64\debug\window.obj
c:\users\joseph\source\motores\motor2\motor2\x64\debug\inputmanager.obj
c:\users\joseph\source\motores\motor2\motor2\x64\debug\camera2d.obj
c:\users\joseph\source\motores\motor2\motor2\x64\debug\spritebatch.obj
c:\users\joseph\source\motores\motor2\x64\debug\motor.exe
c:\users\joseph\source\motores\motor2\x64\debug\motor.pdb
c:\users\joseph\source\motores\motor2\motor2\x64\debug\motor.ilk
c:\users\joseph\source\motores\motor2\motor2\x64\debug\motor2.ilk
c:\users\joseph\source\motores\motor2\motor2\x64\debug\motor.tlog\cl.command.1.tlog
c:\users\joseph\source\motores\motor2\motor2\x64\debug\motor.tlog\cl.items.tlog
c:\users\joseph\source\motores\motor2\motor2\x64\debug\motor.tlog\cl.read.1.tlog
c:\users\joseph\source\motores\motor2\motor2\x64\debug\motor.tlog\cl.write.1.tlog
c:\users\joseph\source\motores\motor2\motor2\x64\debug\motor.tlog\link.command.1.tlog
c:\users\joseph\source\motores\motor2\motor2\x64\debug\motor.tlog\link.read.1.tlog
c:\users\joseph\source\motores\motor2\motor2\x64\debug\motor.tlog\link.secondary.1.tlog
c:\users\joseph\source\motores\motor2\motor2\x64\debug\motor.tlog\link.write.1.tlog
